<?xml version="1.0" encoding="UTF-8"?>
<testsuite xmlns:xsi="http://www.w3.org/2001/XMLSchema-instance" xsi:noNamespaceSchemaLocation="https://maven.apache.org/surefire/maven-surefire-plugin/xsd/surefire-test-report-3.0.xsd" version="3.0" name="TestSuite" time="24.766" tests="1" errors="0" skipped="0" failures="0">
  <properties>
[...]
</properties>
  <testcase name="google" classname="testcases.HomePageLogs" time="11.116">
    <system-out><![CDATA[09-16-2023 08:11:13 InternalLoggerFactory.java DEBUG [TestNG-suites-1] logging.InternalLoggerFactory 89 - Using Log4J as the default logging framework
09-16-2023 08:11:13 ResourceLeakDetector.java DEBUG [TestNG-suites-1] util.ResourceLeakDetector 129 - -Dio.netty.leakDetection.level: simple
09-16-2023 08:11:13 ResourceLeakDetector.java DEBUG [TestNG-suites-1] util.ResourceLeakDetector 130 - -Dio.netty.leakDetection.targetRecords: 4
09-16-2023 08:11:13 ResourceLeakDetectorFactory.java DEBUG [TestNG-suites-1] util.ResourceLeakDetectorFactory 196 - Loaded default ResourceLeakDetector: io.netty.util.ResourceLeakDetector@26aebbec
09-16-2023 08:11:13 PlatformDependent0.java DEBUG [TestNG-suites-1] internal.PlatformDependent0 497 - -Dio.netty.noUnsafe: false
09-16-2023 08:11:13 PlatformDependent0.java DEBUG [TestNG-suites-1] internal.PlatformDependent0 1001 - Java version: 11
09-16-2023 08:11:13 PlatformDependent0.java DEBUG [TestNG-suites-1] internal.PlatformDependent0 137 - sun.misc.Unsafe.theUnsafe: available
09-16-2023 08:11:13 PlatformDependent0.java DEBUG [TestNG-suites-1] internal.PlatformDependent0 161 - sun.misc.Unsafe.copyMemory: available
09-16-2023 08:11:13 PlatformDependent0.java DEBUG [TestNG-suites-1] internal.PlatformDependent0 193 - sun.misc.Unsafe.storeFence: available
09-16-2023 08:11:13 PlatformDependent0.java DEBUG [TestNG-suites-1] internal.PlatformDependent0 236 - java.nio.Buffer.address: available
09-16-2023 08:11:13 PlatformDependent0.java DEBUG [TestNG-suites-1] internal.PlatformDependent0 321 - direct buffer constructor: unavailable: Reflective setAccessible(true) disabled
09-16-2023 08:11:13 PlatformDependent0.java DEBUG [TestNG-suites-1] internal.PlatformDependent0 386 - java.nio.Bits.unaligned: available, true
09-16-2023 08:11:13 PlatformDependent0.java DEBUG [TestNG-suites-1] internal.PlatformDependent0 453 - jdk.internal.misc.Unsafe.allocateUninitializedArray(int): unavailable: class io.netty.util.internal.PlatformDependent0$7 cannot access class jdk.internal.misc.Unsafe (in module java.base) because module java.base does not export jdk.internal.misc to unnamed module @211424f0
09-16-2023 08:11:13 PlatformDependent0.java DEBUG [TestNG-suites-1] internal.PlatformDependent0 483 - java.nio.DirectByteBuffer.<init>(long, {int,long}): unavailable
09-16-2023 08:11:13 PlatformDependent.java DEBUG [TestNG-suites-1] internal.PlatformDependent 1159 - sun.misc.Unsafe: available
09-16-2023 08:11:13 PlatformDependent.java DEBUG [TestNG-suites-1] internal.PlatformDependent 1270 - maxDirectMemory: 2124414976 bytes (maybe)
09-16-2023 08:11:13 PlatformDependent.java DEBUG [TestNG-suites-1] internal.PlatformDependent 1289 - -Dio.netty.tmpdir: C:\Windows\TEMP (java.io.tmpdir)
09-16-2023 08:11:13 PlatformDependent.java DEBUG [TestNG-suites-1] internal.PlatformDependent 1368 - -Dio.netty.bitMode: 64 (sun.arch.data.model)
09-16-2023 08:11:13 PlatformDependent.java DEBUG [TestNG-suites-1] internal.PlatformDependent 1119 - Platform: Windows
09-16-2023 08:11:13 PlatformDependent.java DEBUG [TestNG-suites-1] internal.PlatformDependent 178 - -Dio.netty.maxDirectMemory: -1 bytes
09-16-2023 08:11:13 PlatformDependent.java DEBUG [TestNG-suites-1] internal.PlatformDependent 185 - -Dio.netty.uninitializedArrayAllocationThreshold: -1
09-16-2023 08:11:13 CleanerJava9.java DEBUG [TestNG-suites-1] internal.CleanerJava9 71 - java.nio.ByteBuffer.cleaner(): available
09-16-2023 08:11:13 PlatformDependent.java DEBUG [TestNG-suites-1] internal.PlatformDependent 205 - -Dio.netty.noPreferDirect: false
09-16-2023 08:11:13 PlatformDependent.java DEBUG [TestNG-suites-1] internal.PlatformDependent 1010 - org.jctools-core.MpscChunkedArrayQueue: available
09-16-2023 08:11:13 InternalThreadLocalMap.java DEBUG [TestNG-suites-1] internal.InternalThreadLocalMap 100 - -Dio.netty.threadLocalMap.stringBuilder.initialSize: 1024
09-16-2023 08:11:13 InternalThreadLocalMap.java DEBUG [TestNG-suites-1] internal.InternalThreadLocalMap 101 - -Dio.netty.threadLocalMap.stringBuilder.maxSize: 4096
09-16-2023 08:11:14 JdkSslContext.java DEBUG [TestNG-suites-1] ssl.JdkSslContext 83 - Default protocols (JDK): [TLSv1.3, TLSv1.2] 
09-16-2023 08:11:14 JdkSslContext.java DEBUG [TestNG-suites-1] ssl.JdkSslContext 84 - Default cipher suites (JDK): [TLS_ECDHE_ECDSA_WITH_AES_256_GCM_SHA384, TLS_ECDHE_ECDSA_WITH_AES_128_GCM_SHA256, TLS_ECDHE_RSA_WITH_AES_128_GCM_SHA256, TLS_ECDHE_RSA_WITH_AES_256_GCM_SHA384, TLS_ECDHE_RSA_WITH_AES_128_CBC_SHA, TLS_ECDHE_RSA_WITH_AES_256_CBC_SHA, TLS_RSA_WITH_AES_128_GCM_SHA256, TLS_RSA_WITH_AES_128_CBC_SHA, TLS_RSA_WITH_AES_256_CBC_SHA, TLS_AES_128_GCM_SHA256, TLS_AES_256_GCM_SHA384]
09-16-2023 08:11:14 GlobalEventExecutor.java DEBUG [TestNG-suites-1] concurrent.GlobalEventExecutor 53 - -Dio.netty.globalEventExecutor.quietPeriodSeconds: 1
09-16-2023 08:11:14 MultithreadEventLoopGroup.java DEBUG [TestNG-suites-1] channel.MultithreadEventLoopGroup 44 - -Dio.netty.eventLoopThreads: 8
09-16-2023 08:11:14 NioEventLoop.java DEBUG [TestNG-suites-1] nio.NioEventLoop 110 - -Dio.netty.noKeySetOptimization: false
09-16-2023 08:11:14 NioEventLoop.java DEBUG [TestNG-suites-1] nio.NioEventLoop 111 - -Dio.netty.selectorAutoRebuildThreshold: 512
09-16-2023 08:11:14 PooledByteBufAllocator.java DEBUG [TestNG-suites-1] buffer.PooledByteBufAllocator 157 - -Dio.netty.allocator.numHeapArenas: 8
09-16-2023 08:11:14 PooledByteBufAllocator.java DEBUG [TestNG-suites-1] buffer.PooledByteBufAllocator 158 - -Dio.netty.allocator.numDirectArenas: 8
09-16-2023 08:11:14 PooledByteBufAllocator.java DEBUG [TestNG-suites-1] buffer.PooledByteBufAllocator 160 - -Dio.netty.allocator.pageSize: 8192
09-16-2023 08:11:14 PooledByteBufAllocator.java DEBUG [TestNG-suites-1] buffer.PooledByteBufAllocator 165 - -Dio.netty.allocator.maxOrder: 9
09-16-2023 08:11:14 PooledByteBufAllocator.java DEBUG [TestNG-suites-1] buffer.PooledByteBufAllocator 169 - -Dio.netty.allocator.chunkSize: 4194304
09-16-2023 08:11:14 PooledByteBufAllocator.java DEBUG [TestNG-suites-1] buffer.PooledByteBufAllocator 170 - -Dio.netty.allocator.smallCacheSize: 256
09-16-2023 08:11:14 PooledByteBufAllocator.java DEBUG [TestNG-suites-1] buffer.PooledByteBufAllocator 171 - -Dio.netty.allocator.normalCacheSize: 64
09-16-2023 08:11:14 PooledByteBufAllocator.java DEBUG [TestNG-suites-1] buffer.PooledByteBufAllocator 172 - -Dio.netty.allocator.maxCachedBufferCapacity: 32768
09-16-2023 08:11:14 PooledByteBufAllocator.java DEBUG [TestNG-suites-1] buffer.PooledByteBufAllocator 173 - -Dio.netty.allocator.cacheTrimInterval: 8192
09-16-2023 08:11:14 PooledByteBufAllocator.java DEBUG [TestNG-suites-1] buffer.PooledByteBufAllocator 174 - -Dio.netty.allocator.cacheTrimIntervalMillis: 0
09-16-2023 08:11:14 PooledByteBufAllocator.java DEBUG [TestNG-suites-1] buffer.PooledByteBufAllocator 175 - -Dio.netty.allocator.useCacheForAllThreads: false
09-16-2023 08:11:14 PooledByteBufAllocator.java DEBUG [TestNG-suites-1] buffer.PooledByteBufAllocator 176 - -Dio.netty.allocator.maxCachedByteBuffersPerChunk: 1023
09-16-2023 08:11:14 ByteBufUtil.java DEBUG [TestNG-suites-1] buffer.ByteBufUtil 89 - -Dio.netty.allocator.type: pooled
09-16-2023 08:11:14 ByteBufUtil.java DEBUG [TestNG-suites-1] buffer.ByteBufUtil 98 - -Dio.netty.threadLocalDirectBufferSize: 0
09-16-2023 08:11:14 ByteBufUtil.java DEBUG [TestNG-suites-1] buffer.ByteBufUtil 101 - -Dio.netty.maxThreadLocalCharBufferSize: 16384
09-16-2023 08:11:15 DefaultChannelId.java DEBUG [Forwarding newSession on session null to remote] channel.DefaultChannelId 79 - -Dio.netty.processId: 8736 (auto-detected)
09-16-2023 08:11:15 NetUtil.java DEBUG [Forwarding newSession on session null to remote] util.NetUtil 148 - -Djava.net.preferIPv4Stack: false
09-16-2023 08:11:15 NetUtil.java DEBUG [Forwarding newSession on session null to remote] util.NetUtil 149 - -Djava.net.preferIPv6Addresses: false
09-16-2023 08:11:16 NetUtilInitializations.java DEBUG [Forwarding newSession on session null to remote] util.NetUtilInitializations 145 - Loopback interface: lo (Software Loopback Interface 1, 127.0.0.1)
09-16-2023 08:11:16 NetUtil.java DEBUG [Forwarding newSession on session null to remote] util.NetUtil 206 - Failed to get SOMAXCONN from sysctl and file \proc\sys\net\core\somaxconn. Default: 200
09-16-2023 08:11:16 DefaultChannelId.java DEBUG [Forwarding newSession on session null to remote] channel.DefaultChannelId 101 - -Dio.netty.machineId: e4:f8:9c:ff:fe:36:71:71 (auto-detected)
09-16-2023 08:11:16 AbstractByteBuf.java DEBUG [AsyncHttpClient-1-2] buffer.AbstractByteBuf 63 - -Dio.netty.buffer.checkAccessible: true
09-16-2023 08:11:16 AbstractByteBuf.java DEBUG [AsyncHttpClient-1-2] buffer.AbstractByteBuf 64 - -Dio.netty.buffer.checkBounds: true
09-16-2023 08:11:16 ResourceLeakDetectorFactory.java DEBUG [AsyncHttpClient-1-2] util.ResourceLeakDetectorFactory 196 - Loaded default ResourceLeakDetector: io.netty.util.ResourceLeakDetector@7bb50ad
09-16-2023 08:11:16 Recycler.java DEBUG [AsyncHttpClient-1-2] util.Recycler 96 - -Dio.netty.recycler.maxCapacityPerThread: 4096
09-16-2023 08:11:16 Recycler.java DEBUG [AsyncHttpClient-1-2] util.Recycler 97 - -Dio.netty.recycler.ratio: 8
09-16-2023 08:11:16 Recycler.java DEBUG [AsyncHttpClient-1-2] util.Recycler 98 - -Dio.netty.recycler.chunkSize: 32
09-16-2023 08:11:16 Recycler.java DEBUG [AsyncHttpClient-1-2] util.Recycler 99 - -Dio.netty.recycler.blocking: false
09-16-2023 08:11:16 Recycler.java DEBUG [AsyncHttpClient-1-2] util.Recycler 100 - -Dio.netty.recycler.batchFastThreadLocalOnly: true
09-16-2023 08:11:18 Brotli.java DEBUG [AsyncHttpClient-1-2] compression.Brotli 38 - brotli4j not in the classpath; Brotli support will be unavailable.
09-16-2023 08:11:19 ThreadLocalRandom.java DEBUG [TestNG-suites-1] internal.ThreadLocalRandom 214 - -Dio.netty.initialSeedUniquifier: 0xdad8a8f379bb1d8d
09-16-2023 08:11:19 BaseClass.java INFO  [TestNG-suites-1] Wynisco 62 - Page Title :- 
09-16-2023 08:11:27 HomePageLogs.java INFO  [TestNG-suites-1] Wynisco 22 - Entered FirstName
09-16-2023 08:11:28 HomePageLogs.java INFO  [TestNG-suites-1] Wynisco 25 - Entered LastName
09-16-2023 08:11:28 HomePageLogs.java INFO  [TestNG-suites-1] Wynisco 28 - Entered Email
09-16-2023 08:11:28 HomePageLogs.java INFO  [TestNG-suites-1] Wynisco 31 - Entered Phone
09-16-2023 08:11:29 HomePageLogs.java INFO  [TestNG-suites-1] Wynisco 35 - Selected Group Training
09-16-2023 08:11:30 HomePageLogs.java INFO  [TestNG-suites-1] Wynisco 42 - Selected Country as India
09-16-2023 08:11:30 HomePageLogs.java INFO  [TestNG-suites-1] Wynisco 43 - Didn't click on Submit
]]></system-out>
    <system-err><![CDATA[SLF4J: Failed to load class "org.slf4j.impl.StaticLoggerBinder".
SLF4J: Defaulting to no-operation (NOP) logger implementation
SLF4J: See http://www.slf4j.org/codes.html#StaticLoggerBinder for further details.
]]></system-err>
  </testcase>
</testsuite>