<?xml version="1.0" encoding="UTF-8"?>
<testng-results ignored="0" total="1" passed="1" failed="0" skipped="0">
  <reporter-output>
  </reporter-output>
  <suite started-at="2023-09-16T07:47:22 IST" name="Suite" finished-at="2023-09-16T07:47:40 IST" duration-ms="17544">
    <groups>
    </groups>
    <test started-at="2023-09-16T07:47:22 IST" name="HomePageLogs" finished-at="2023-09-16T07:47:40 IST" duration-ms="17544">
      <class name="testcases.HomePageLogs">
        <test-method is-config="true" signature="setup(java.lang.String)[pri:0, instance:testcases.HomePageLogs@21282ed8]" started-at="2023-09-16T07:47:22 IST" name="setup" finished-at="2023-09-16T07:47:29 IST" duration-ms="6690" status="PASS">
          <params>
            <param index="0">
              <value>
                <![CDATA[chrome]]>
              </value>
            </param>
          </params>
          <reporter-output>
          </reporter-output>
        </test-method> <!-- setup -->
        <test-method signature="google()[pri:0, instance:testcases.HomePageLogs@21282ed8]" started-at="2023-09-16T07:47:29 IST" name="google" finished-at="2023-09-16T07:47:40 IST" duration-ms="10772" status="PASS">
          <reporter-output>
          </reporter-output>
        </test-method> <!-- google -->
        <test-method is-config="true" signature="tearDown()[pri:0, instance:testcases.HomePageLogs@21282ed8]" started-at="2023-09-16T07:47:40 IST" name="tearDown" finished-at="2023-09-16T07:47:40 IST" duration-ms="1" status="PASS">
          <reporter-output>
          </reporter-output>
        </test-method> <!-- tearDown -->
      </class> <!-- testcases.HomePageLogs -->
    </test> <!-- HomePageLogs -->
  </suite> <!-- Suite -->
</testng-results>
